============================= test session starts ==============================
platform linux -- Python 3.12.3, pytest-9.1.1, pluggy-1.6.0
rootdir: /home/user/enterprise-omni-agent-ai-platform
configfile: pytest.ini
testpaths: ., backend
plugins: langsmith-0.11.1, asyncio-1.4.0, cov-7.1.0
asyncio: mode=Mode.AUTO, debug=False, asyncio_default_fixture_loop_scope=None, asyncio_default_test_loop_scope=function
collected 2462 items / 11 errors

<Dir enterprise-omni-agent-ai-platform>
  <Dir agent>
    <Module test_self_healing.py>
      <UnitTestCase TestSelfHealing>
        <TestCaseFunction test_cpu_throttle_trigger>
        <TestCaseFunction test_memory_exhaustion_trigger>
        <TestCaseFunction test_no_remediation_needed>
    <Module test_update_capability.py>
      <UnitTestCase TestUpdateCapability>
        <TestCaseFunction test_check_no_update>
        <TestCaseFunction test_check_update_available>
  <Package backend>
    <Module test_ab_endpoint.py>
      <Function test_endpoint>
    <Module test_ai_chat.py>
      <Coroutine test_ai>
    <Module test_finops.py>
      <Coroutine test_finops_calculation>
    <Module test_log_heartbeat.py>
      <Function test_heartbeat_logs>
    <Module test_login.py>
      <Function test_login>
    <Module test_mongodb.py>
      <Coroutine test_mongodb>
    <Module test_ps.py>
      <Function test_ps>
    <Module test_topology.py>
      <Coroutine test_topology>
    <Module test_webhook_logic.py>
      <UnitTestCase TestWebhookLogic>
        <TestCaseFunction test_jira_intent_parsing>
        <TestCaseFunction test_zoho_intent_parsing>
    <Package tests>
      <Package eval_langchain>
        <Module test_chat_relevance.py>
          <Class TestAnswerableFaithfulnessAndRelevancy>
            <Coroutine test_answers_meet_faithfulness_and_relevancy_thresholds>
          <Class TestOutOfScopeDeclines>
            <Coroutine test_out_of_scope_question_declines_and_redirects[chat-05]>
          <Class TestOtherCustomersRefused>
            <Coroutine test_other_customers_probe_refused[chat-06]>
        <Module test_conservative_status.py>
          <Class TestFalsePassGate>
            <Coroutine test_false_pass_is_zero_on_critical_high_controls>
            <Coroutine test_false_pass_rate_under_5_percent_overall>
            <Coroutine test_statuses_match_gold_labels_exactly>
          <Class TestContextDependentTraps>
            <Function test_exactly_two_context_dependent_traps_exist>
            <Coroutine test_context_dependent_trap_never_scores_pass[CC6.2]>
            <Coroutine test_context_dependent_trap_never_scores_pass[IA-5]>
            <Coroutine test_pass_on_context_dependent_trap_counts_as_false_pass[CC6.2]>
            <Coroutine test_pass_on_context_dependent_trap_counts_as_false_pass[IA-5]>
          <Class TestFalsePassTripwire>
            <Coroutine test_inflated_model_is_detected_by_the_metric>
        <Module test_fallback_provenance.py>
          <Class TestModelProvenanceHelper>
            <Function test_fallback_model_name_yields_fallback_marker>
            <Function test_primary_model_name_yields_primary>
            <Function test_unknown_resolved_model_treated_as_fallback>
          <Class TestAuditorFallbackProvenance>
            <Coroutine test_fallback_finding_carries_fallback_marker>
            <Coroutine test_fallback_non_pass_finding_not_escalated>
          <Class TestQuestionnaireFallbackProvenance>
            <Coroutine test_fallback_confident_draft_carries_marker_and_needs_review>
          <Class TestChatFallbackProvenance>
            <Coroutine test_fallback_answer_stamps_fallback_in_decision_log>
          <Class TestNarrativeFallbackProvenance>
            <Coroutine test_fallback_narrative_carries_marker>
        <Module test_framework_fidelity.py>
          <Class TestTokenExtraction>
            <Function test_extracts_hyphenated_and_dotted_ids>
            <Function test_framework_names_do_not_false_positive>
            <Function test_no_tokens_in_plain_prose>
          <Class TestRealIdsPass>
            <Coroutine test_registry_control_id_in_prose_passes[AC-2]>
            <Coroutine test_registry_control_id_in_prose_passes[AC-6]>
            <Coroutine test_registry_control_id_in_prose_passes[AU-2]>
            <Coroutine test_registry_control_id_in_prose_passes[CC6.1]>
            <Coroutine test_registry_control_id_in_prose_passes[CC6.2]>
            <Coroutine test_registry_control_id_in_prose_passes[CC6.6]>
            <Coroutine test_registry_control_id_in_prose_passes[CC7.1]>
            <Coroutine test_registry_control_id_in_prose_passes[CC7.2]>
            <Coroutine test_registry_control_id_in_prose_passes[CC8.1]>
            <Coroutine test_registry_control_id_in_prose_passes[CC9.1]>
            <Coroutine test_registry_control_id_in_prose_passes[CIS-4.1]>
            <Coroutine test_registry_control_id_in_prose_passes[CIS-5.2]>
            <Coroutine test_registry_control_id_in_prose_passes[CIS-6.3]>
            <Coroutine test_registry_control_id_in_prose_passes[CIS-8.2]>
            <Coroutine test_registry_control_id_in_prose_passes[CM-7]>
            <Coroutine test_registry_control_id_in_prose_passes[IA-2]>
            <Coroutine test_registry_control_id_in_prose_passes[IA-5]>
            <Coroutine test_registry_control_id_in_prose_passes[RA-5]>
            <Coroutine test_registry_control_id_in_prose_passes[SC-13]>
            <Coroutine test_registry_control_id_in_prose_passes[SC-7]>
            <Coroutine test_gold_rationales_pass_fidelity_sweep>
            <Coroutine test_tokenless_text_passes>
          <Class TestFabricatedIdsFlagged>
            <Coroutine test_soc2_cc99_bait_is_flagged>
            <Coroutine test_adversarial_fabricated_control_id_baits_flagged[adv-07]>
            <Coroutine test_adversarial_fabricated_control_id_baits_flagged[adv-08]>
            <Coroutine test_mixed_real_and_invented_ids_still_flagged>
        <Module test_questionnaire_honesty.py>
          <Class TestAnswerableClaimSupport>
            <Coroutine test_answerable_drafts_are_claim_supported>
          <Class TestHedgedCasesHedge>
            <Coroutine test_hedged_case_does_not_overclaim[qqa-06]>
            <Coroutine test_hedged_case_does_not_overclaim[qqa-07]>
            <Coroutine test_hedged_case_does_not_overclaim[qqa-08]>
          <Class TestUnanswerableCasesFlagged>
            <Coroutine test_unanswerable_case_flagged_not_answered[qqa-09]>
            <Coroutine test_unanswerable_case_flagged_not_answered[qqa-10]>
        <Module test_rag02_gate.py>
          <Class TestEveryDraftLandsPendingReview>
            <Coroutine test_high_confidence_draft_still_pending_review>
            <Coroutine test_insufficient_evidence_draft_also_pending_review>
          <Class TestSubmittedRequiresApprover>
            <Coroutine test_mark_submitted_only_transitions_approved_drafts>
            <Coroutine test_mark_submitted_returns_none_for_unapproved_draft>
            <Function test_submitted_by_identity_is_mandatory>
          <Class TestNoAutoAdvancePath>
            <Coroutine test_submitted_is_not_a_valid_reviewer_decision>
            <Coroutine test_approval_decision_stops_at_approved>
            <Coroutine test_create_review_requires_pending_review_draft>
        <Module test_retrieval_quality.py>
          <Class TestContextRecall>
            <Coroutine test_context_recall_meets_threshold>
          <Class TestContextPrecision>
            <Coroutine test_context_precision_meets_threshold>
          <Class TestGoldChunkStructurallyRetrievable>
            <Coroutine test_seeded_gold_chunk_appears_in_top_k>
        <Module test_router_passthrough.py>
          <Coroutine test_router_tool_and_response_format_passthrough>
        <Module test_tenant_isolation.py>
          <Class TestCanaryReachability>
            <Function test_canaries_are_reachable_as_tenant_b>
            <Function test_tenant_a_query_never_returns_canaries>
          <Class TestAdversarialSuite>
            <Coroutine test_zero_canary_hits_and_closed_over_tenant_filters[adv-01]>
            <Coroutine test_zero_canary_hits_and_closed_over_tenant_filters[adv-02]>
            <Coroutine test_zero_canary_hits_and_closed_over_tenant_filters[adv-03]>
            <Coroutine test_zero_canary_hits_and_closed_over_tenant_filters[adv-04]>
            <Coroutine test_zero_canary_hits_and_closed_over_tenant_filters[adv-05]>
            <Coroutine test_zero_canary_hits_and_closed_over_tenant_filters[adv-06]>
            <Coroutine test_zero_canary_hits_and_closed_over_tenant_filters[adv-07]>
            <Coroutine test_zero_canary_hits_and_closed_over_tenant_filters[adv-08]>
            <Coroutine test_zero_canary_hits_and_closed_over_tenant_filters[adv-09]>
            <Coroutine test_zero_canary_hits_and_closed_over_tenant_filters[adv-10]>
          <Class TestToolSchemasHaveNoTenantParameter>
            <Function test_search_evidence_only_exposes_query>
            <Function test_get_control_evidence_only_exposes_control_id>
            <Coroutine test_tenant_id_as_control_id_returns_nothing_cross_tenant>
        <Module test_traceability.py>
          <Class TestGoldSetCitationResolution>
            <Coroutine test_every_gold_citation_resolves[CIS-4.1]>
            <Coroutine test_every_gold_citation_resolves[CIS-5.2]>
            <Coroutine test_every_gold_citation_resolves[CIS-6.3]>
            <Coroutine test_every_gold_citation_resolves[CIS-8.2]>
            <Coroutine test_every_gold_citation_resolves[CC6.1]>
            <Coroutine test_every_gold_citation_resolves[CC7.1]>
            <Coroutine test_every_gold_citation_resolves[AC-2]>
            <Coroutine test_every_gold_citation_resolves[SC-13]>
            <Coroutine test_every_gold_citation_resolves[CC6.6]>
            <Coroutine test_every_gold_citation_resolves[IA-2]>
            <Coroutine test_every_gold_citation_resolves[RA-5]>
            <Coroutine test_every_gold_citation_resolves[CM-7]>
            <Coroutine test_every_gold_citation_resolves[CC8.1]>
            <Coroutine test_every_gold_citation_resolves[AU-2]>
            <Coroutine test_every_gold_citation_resolves[CC7.2]>
            <Coroutine test_every_gold_citation_resolves[SC-7]>
            <Coroutine test_every_gold_citation_resolves[CC6.2]>
            <Coroutine test_every_gold_citation_resolves[IA-5]>
            <Coroutine test_gold_set_pass_rate_is_100_percent>
          <Class TestGoldSetControlIdResolution>
            <Coroutine test_every_gold_control_id_exists_in_registry[CIS-4.1]>
            <Coroutine test_every_gold_control_id_exists_in_registry[CIS-5.2]>
            <Coroutine test_every_gold_control_id_exists_in_registry[CIS-6.3]>
            <Coroutine test_every_gold_control_id_exists_in_registry[CIS-8.2]>
            <Coroutine test_every_gold_control_id_exists_in_registry[CC6.1]>
            <Coroutine test_every_gold_control_id_exists_in_registry[CC7.1]>
            <Coroutine test_every_gold_control_id_exists_in_registry[AC-2]>
            <Coroutine test_every_gold_control_id_exists_in_registry[SC-13]>
            <Coroutine test_every_gold_control_id_exists_in_registry[CC6.6]>
            <Coroutine test_every_gold_control_id_exists_in_registry[IA-2]>
            <Coroutine test_every_gold_control_id_exists_in_registry[RA-5]>
            <Coroutine test_every_gold_control_id_exists_in_registry[CM-7]>
            <Coroutine test_every_gold_control_id_exists_in_registry[CC8.1]>
            <Coroutine test_every_gold_control_id_exists_in_registry[AU-2]>
            <Coroutine test_every_gold_control_id_exists_in_registry[CC7.2]>
            <Coroutine test_every_gold_control_id_exists_in_registry[SC-7]>
            <Coroutine test_every_gold_control_id_exists_in_registry[CC9.1]>
            <Coroutine test_every_gold_control_id_exists_in_registry[AC-6]>
            <Coroutine test_every_gold_control_id_exists_in_registry[CC6.2]>
            <Coroutine test_every_gold_control_id_exists_in_registry[IA-5]>
          <Class TestTraceabilityTripwire>
            <Coroutine test_fabricated_citation_is_blocked_and_downgraded>
            <Coroutine test_unknown_control_id_is_blocked>
      <Module test_agent_asn_service.py>
        <Class TestNoneOrEmpty>
          <Function test_lookup_none_returns_none>
          <Function test_lookup_empty_string_returns_none>
        <Class TestPrivateIp>
          <Function test_private_ip_returns_none[10.0.0.1]>
          <Function test_private_ip_returns_none[127.0.0.1]>
          <Function test_private_ip_returns_none[192.168.1.5]>
        <Class TestAsnAbsentVpnPresent>
          <Function test_missing_mmdb_still_evaluates_vpn_heuristic>
        <Class TestVpnRangeMembership>
          <Function test_ip_inside_bundled_range_flags_true>
          <Function test_ip_outside_every_range_flags_false>
        <Class TestBothAbsent>
          <Function test_both_mmdb_and_snapshot_absent_returns_none_and_warns>
          <Function test_both_absent_never_raises_for_various_ips>
      <Module test_agent_fleet_geo.py>
        <Class TestFleetGeoEndpoint>
          <Function test_super_admin_sees_agents_across_all_tenants>
          <Function test_non_super_admin_scoped_to_own_tenant>
          <Function test_located_and_unlocated_counting>
          <Function test_projection_carries_drilldown_fields>
          <Function test_partial_coords_treated_as_unlocated>
      <Module test_agent_fleet_observability.py>
        <Class TestFleetObservabilityEndpoint>
          <Function test_super_admin_sees_agents_across_all_tenants>
          <Function test_tenant_admin_scoped_to_own_tenant>
          <Function test_version_drift_includes_only_older_parseable_versions>
          <Function test_malformed_or_missing_version_excluded_without_crash>
          <Function test_offline_set_read_from_status_field_not_new_heuristic>
      <Module test_agent_heartbeat_geo_security.py>
        <Class TestAlertReturned>
          <Function test_one_alert_payload_persisted>
        <Class TestNoAlerts>
          <Function test_empty_payload_list_skips_persist>
        <Class TestDetectorException>
          <Function test_detector_fault_never_fails_heartbeat>
      <Module test_agent_location_history.py>
        <Class TestChangeDetection>
          <Function test_change_detection_first_ever_write>
          <Function test_change_detection_no_row_when_unchanged>
          <Function test_change_detection_city_country_change_same_ip_eventually_writes>
        <Class TestDenoise>
          <Function test_denoise_flip_flop_a_b_a_never_writes>
          <Function test_denoise_promotes_after_window_elapses>
          <Function test_denoise_two_genuine_changes_each_write_one_row>
        <Class TestToggle>
          <Function test_toggle_defaults_to_true>
          <Function test_toggle_honors_per_tenant_false_doc>
          <Function test_toggle_honors_global_false_doc_fallback>
          <Function test_toggle_off_makes_record_location_change_a_full_noop>
        <Class TestBsonDate>
          <Function test_bson_date_inserted_timestamp_is_datetime_not_string>
      <Module test_agent_location_history_endpoints.py>
        <Class TestTenantScope>
          <Function test_tenant_scope_cross_tenant_rows_excluded>
          <Function test_tenant_scope_query_anded_with_tenant_id>
        <Class TestSort>
          <Function test_sort_ascending_by_timestamp>
        <Class TestDwell>
          <Function test_dwell_intermediate_row_is_gap_to_next>
          <Function test_dwell_last_row_is_now_minus_timestamp_not_stored>
        <Class TestToggleGet>
          <Function test_toggle_get_defaults_to_enabled_true>
        <Class TestTogglePatch>
          <Function test_toggle_patch_admin_disables_and_get_reflects_it>
          <Function test_toggle_patch_forbidden_for_non_admin>
        <Class TestImmutability>
          <Function test_no_mutation_route_targets_location_history>
      <Module test_agent_location_history_wiring.py>
        <Class TestToggleOn>
          <Function test_heartbeat_toggle_on_invokes_asn_and_history_and_persists_geo_asn>
          <Function test_register_toggle_on_invokes_asn_and_history>
        <Class TestToggleOff>
          <Function test_heartbeat_toggle_off_skips_asn_and_history_but_keeps_geoip>
        <Class TestRegisterFirstSeen>
          <Function test_first_ever_registration_writes_initial_row>
        <Class TestPrivateIp>
          <Function test_heartbeat_no_public_ip_skips_everything>
      <Module test_agent_meta_guard.py>
        <Class TestCapAgentMeta>
          <Function test_oversized_single_key_is_stubbed>
          <Function test_predictive_health_always_preserved>
          <Function test_small_meta_left_untouched>
          <Function test_whole_meta_backstop_drops_nonpreserved>
          <Function test_non_dict_meta_is_safe>
          <Function test_missing_meta_is_safe>
          <Function test_odd_value_does_not_crash>
      <Module test_agent_security_feed.py>
        <Function test_build_bundle_has_tables_and_eicar>
        <Function test_sign_verifies_and_tamper_fails>
        <Function test_public_key_is_32_bytes_and_private_not_exposed>
        <Function test_endpoint_serves_bundle_and_version_noop>
      <Module test_agent_security_feed_cve.py>
        <Function test_cve_feed_present_and_seeded>
        <Function test_bundle_still_signs>
      <Module test_agent_security_scan_ingest.py>
        <Function test_clean_verdict_persisted_no_alert>
        <Function test_malicious_raises_native_alert>
        <Function test_tenant_scoping_from_agent_key>
      <Module test_agent_update_checksum.py>
        <Function test_checksum_matches_actual_binary_content>
        <Function test_checksum_matches_versioned_fallback_file>
        <Function test_checksum_missing_file_returns_404>
        <Function test_checksum_collect_evidence_script_resolves_canonical_file>
        <Function test_download_and_checksum_resolve_the_same_file>
      <Module test_agent_uptime_rollup_loop.py>
        <Class TestAgentUptimeRollupSweep>
          <Function test_one_upsert_per_agent_across_all_tenants>
          <Function test_upsert_keyed_on_agent_id_and_date_with_tenant_id_set>
          <Function test_upsert_timestamp_is_native_datetime_not_isoformat_string>
          <Function test_agent_with_no_heartbeats_gets_zero_percent_uptime>
          <Function test_reads_go_through_raw_db_underscore_db>
          <Function test_loop_function_exists_and_is_registered_by_name>
        <Class TestCleanupAgentUptimeRollups>
          <Function test_90_day_old_row_deleted_1_day_old_row_retained>
          <Function test_cutoff_uses_native_datetime_not_isoformat_string>
        <Class TestRunCleanupWiringForUptimeRollups>
          <Function test_run_cleanup_report_includes_agent_uptime_rollups_deleted_key>
          <Function test_run_cleanup_defaults_agent_uptime_rollups_to_90_when_no_policy_passed>
          <Function test_run_cleanup_does_not_add_agent_metrics_retention>
      <Module test_agent_uptime_service.py>
        <Class TestComputeUptimeGapDetection>
          <Function test_full_coverage_evenly_spaced_is_100_percent>
          <Function test_half_the_buckets_present_is_50_percent>
          <Function test_empty_rows_never_heartbeat_agent_yields_zero_no_exception>
          <Function test_more_rows_than_expected_buckets_clips_at_100>
          <Function test_timeline_is_list_of_bucket_dicts_with_start_and_up>
        <Class TestUptimeEndpoint>
          <Function test_hours_clamped_to_48_max>
          <Function test_hours_clamped_to_1_min>
          <Function test_cross_tenant_agent_404s>
          <Function test_response_includes_uptime_percent_and_timeline>
      <Module test_agent_vuln_ingest.py>
        <Coroutine test_new_cve_finding_upserted_with_fields>
        <Coroutine test_reingest_dedups_and_updates_last_seen>
        <Coroutine test_findings_are_tenant_scoped>
        <Coroutine test_two_misconfigs_same_path_not_collapsed>
        <Coroutine test_heartbeat_wrapper_swallows_errors>
        <Coroutine test_wrapper_extracts_from_confirmed_payload_path>
      <Module test_agentic_ai.py>
        <Class TestToolRegistryComplete>
          <Function test_tool_registry_complete>
        <Class TestRunCallsAnthropicWithToolChoiceAny>
          <Function test_run_calls_anthropic_with_tool_choice_any>
        <Class TestStopReasonGuardTriggersFallback>
          <Function test_stop_reason_guard_triggers_fallback>
        <Class TestHallucinatedToolRejected>
          <Function test_hallucinated_tool_rejected>
        <Class TestPydanticValidationRejectsBadInput>
          <Function test_pydantic_validation_rejects_bad_input>
        <Class TestLogDecisionWritesRequiredFields>
          <Function test_log_decision_writes_required_fields>
        <Class TestAuditWriteFailureIsLoggedNotSuppressed>
          <Function test_audit_write_failure_is_logged_not_suppressed>
        <Class TestCircuitBreakerOpenActivatesFallback>
          <Function test_circuit_breaker_open_activates_fallback>
      <Module test_agentless_features.py>
        <Class TestSyslogReceiver>
          <Coroutine test_plain_syslog_stored_correctly>
          <Coroutine test_cef_message_sets_log_type_cef>
          <Coroutine test_cef_signature_and_name_extracted>
          <Coroutine test_db_error_is_swallowed>
        <Class TestIsPrivateIp>
          <Function test_rfc1918_addresses_private>
          <Function test_public_addresses_not_private>
          <Function test_invalid_address_treated_as_private>
        <Class TestNDRIngestFlow>
          <Coroutine test_ingest_returns_doc_with_tenant>
          <Coroutine test_ingest_fills_defaults_for_missing_fields>
        <Class TestNDRDetection>
          <Coroutine test_no_flows_returns_empty>
          <Coroutine test_port_scan_detected>
          <Coroutine test_data_exfiltration_detected>
          <Coroutine test_c2_beacon_detected>
          <Coroutine test_internal_traffic_no_exfil_anomaly>
        <Class TestNDRTrafficSummary>
          <Coroutine test_summary_returns_expected_keys>
        <Class TestNormaliseOtxType>
          <Function test_ipv4_and_ipv6>
          <Function test_domain_and_hostname>
          <Function test_url>
          <Function test_hash_variants>
          <Function test_unknown_returns_none>
        <Class TestFetchUrlhaus>
          <Coroutine test_success_returns_ioc_list>
          <Coroutine test_non_200_returns_empty>
          <Coroutine test_network_exception_returns_empty>
          <Coroutine test_entries_without_url_skipped>
        <Class TestFetchMalwarebazaar>
          <Coroutine test_success_returns_hash_iocs>
          <Coroutine test_non_200_returns_empty>
          <Coroutine test_entries_without_hash_skipped>
        <Class TestUpsertIocs>
          <Coroutine test_empty_list_returns_zero>
          <Coroutine test_calls_update_one_per_ioc>
          <Coroutine test_db_error_per_ioc_is_swallowed>
          <Coroutine test_upserted_id_increments_count>
        <Class TestRunThreatFeedSync>
          <Coroutine test_returns_summary_with_source_counts>
        <Class TestSiemIntegration>
          <Coroutine test_not_configured_returns_error>
          <Coroutine test_disabled_config_returns_error>
          <Coroutine test_unsupported_platform_returns_error>
          <Coroutine test_splunk_success>
          <Coroutine test_splunk_http_error_returns_failure>
          <Coroutine test_test_connection_unknown_platform_returns_error>
        <Class TestEdrIntegration>
          <Coroutine test_not_configured_returns_error>
          <Coroutine test_disabled_returns_error>
          <Coroutine test_unsupported_platform_returns_error>
          <Coroutine test_crowdstrike_auth_failure>
          <Coroutine test_crowdstrike_action_success>
          <Coroutine test_crowdstrike_network_error_returns_failure>
      <Module test_ai_assistant.py>
        <Coroutine test_assistant_chat_service>
        <Coroutine test_assistant_chat_service_tenant_isolation>
        <Function test_assistant_chat_endpoint>
        <Function test_assistant_chat_endpoint_empty_query>
        <Function test_assistant_chat_streaming>
      <Module test_ai_orchestration_infra.py>
        <Class TestModelsFactory>
          <Coroutine test_router_settings_build_fallback_chain>
          <Function test_router_base_url_gets_v1_prefix_when_missing>
          <Function test_router_base_url_v1_not_doubled_when_present>
          <Coroutine test_ollama_settings_build_chain>
          <Coroutine test_anthropic_settings_build_chain>
          <Coroutine test_no_tenant_settings_defaults_to_router_or_degrades_gracefully>
          <Coroutine test_unavailable_gemini_provider_degrades_to_local_without_raising>
          <Function test_models_uses_init_chat_model_and_with_fallbacks>
          <Function test_models_reuses_single_ai_service_cache_no_second_cache>
          <Function test_invalidate_tenant_model_cache_delegates_to_ai_service>
          <Function test_model_provenance_primary>
          <Function test_model_provenance_fallback>
          <Function test_model_provenance_missing_metadata_defaults_primary>
          <Function test_router_passthrough_decision_recorded>
        <Class TestStructuredOutputBypass>
          <Function test_structured_surface_uses_anthropic_bypass>
          <Function test_chat_surface_stays_on_router_even_with_anthropic_base>
          <Function test_bypass_falls_back_to_router_when_no_anthropic_base>
          <Coroutine test_build_model_for_tenant_derives_structured_from_surface>
        <Class TestModelDiagnostics>
          <Coroutine test_describe_reports_surface_and_bypass>
          <Function test_describe_never_leaks_api_key>
        <Class TestMemoryThreadId>
          <Function test_make_thread_id_contains_tenant_prefix>
          <Function test_make_thread_id_distinct_across_tenants_same_conversation>
          <Function test_make_thread_id_requires_tenant_id>
          <Function test_make_thread_id_requires_conversation_id>
          <Function test_memory_module_no_in_process_dict_pattern>
          <Coroutine test_checkpointer_lifespan_dev_mode_yields_in_memory_saver>
          <Coroutine test_checkpointer_lifespan_default_yields_persistent_sqlite_saver>
        <Class TestTracingWiring>
          <Function test_required_span_attributes_present>
          <Function test_attach_span_attributes_sets_all_four>
          <Function test_instrument_langchain_degrades_on_import_error>
          <Function test_instrument_langchain_succeeds_when_package_present>
          <Function test_app_startup_wires_langchain_instrumentor>
          <Function test_app_startup_imports_cleanly>
      <Module test_ai_orchestration_schemas.py>
        <Class TestAuditFindingSchema>
          <Function test_valid_finding_round_trips>
          <Function test_empty_citations_raises>
          <Function test_status_rejects_out_of_set_value>
          <Function test_error_prefixed_rationale_raises[BLOCKED:]>
          <Function test_error_prefixed_rationale_raises[Error:]>
          <Function test_empty_control_id_raises>
        <Class TestCitedAnswerSchema>
          <Function test_grounded_answer_is_valid>
          <Function test_no_evidence_and_confident_raises>
          <Function test_no_evidence_but_insufficient_evidence_confidence_is_valid>
          <Function test_error_prefixed_answer_text_raises[BLOCKED:]>
          <Function test_error_prefixed_answer_text_raises[Error:]>
          <Function test_empty_answer_text_raises>
        <Class TestNarrativeOutputSchema>
          <Function test_within_budget_is_valid>
          <Function test_over_budget_raises>
          <Function test_error_prefixed_text_raises[BLOCKED:]>
          <Function test_error_prefixed_text_raises[Error:]>
          <Function test_empty_text_raises>
        <Class TestValidateCitationsValidator>
          <Coroutine test_resolves_valid_citation_and_control_id>
          <Coroutine test_resolves_citation_via_asset_compliance_evidence_array>
          <Coroutine test_unresolvable_citation_id_fails_and_downgrades>
          <Coroutine test_unknown_control_id_fails_and_downgrades>
          <Coroutine test_never_queries_evidence_without_tenant_scope>
          <Coroutine test_cited_answer_downgrades_confidence_on_failure>
        <Class TestFrameworkFidelityValidator>
          <Function test_extract_control_id_tokens_ignores_bare_framework_names>
          <Coroutine test_unknown_token_fails>
          <Coroutine test_known_tokens_pass>
          <Coroutine test_no_tokens_passes_trivially>
      <Module test_ai_orchestration_substrate.py>
        <Class TestSearchEvidenceTools>
          <Function test_returns_source_id_tagged_string_and_closes_over_tenant>
          <Function test_returns_empty_result_string_when_no_hits>
          <Function test_returns_empty_result_string_when_only_other_tenant_hits>
          <Function test_model_facing_args_schema_exposes_only_query>
        <Class TestGetControlEvidenceTools>
          <Coroutine test_scopes_read_by_control_and_tenant>
          <Coroutine test_returns_no_evidence_message_when_empty>
          <Function test_model_facing_args_schema_exposes_only_control_id>
        <Class TestGuardrailsScanInputOutput>
          <Coroutine test_scan_input_blocks_when_scan_not_passed>
          <Coroutine test_scan_input_passes_on_clean_scan>
          <Coroutine test_scan_output_blocks_when_scan_not_passed>
        <Class TestGuardrailsCrossTenantOutputScan>
          <Coroutine test_blocks_planted_other_tenant_identifier>
          <Coroutine test_passes_clean_tenant_only_text>
        <Class TestLogAiDecision>
          <Coroutine test_inserts_surface_discriminated_doc_without_forbidden_keys>
          <Coroutine test_swallows_insert_exception_never_raises>
          <Coroutine test_reader_compat_phase39_doc_invisible_to_agent_id_filter>
      <Module test_alerts_and_ai.py>
        <Class TestAlertGet>
          <Function test_get_returns_tenant_scoped_alerts>
          <Function test_super_admin_uses_empty_filter>
        <Class TestAlertCreate>
          <Function test_create_sets_tenant_from_jwt>
          <Function test_create_returns_alert_with_id>
        <Class TestAlertAssign>
          <Function test_assign_requires_permission>
          <Function test_assign_success>
          <Function test_assign_missing_assigned_to>
          <Function test_assign_not_found>
        <Class TestAlertBulkDelete>
          <Function test_bulk_delete_requires_permission>
          <Function test_bulk_delete_success>
          <Function test_bulk_delete_empty_ids_rejected>
        <Class TestAIStatus>
          <Function test_status_returns_operational>
        <Class TestAIChat>
          <Function test_chat_returns_response>
        <Class TestAIFeedback>
          <Function test_feedback_recorded_with_tenant>
        <Class TestAITestConnection>
          <Function test_test_connection_requires_manage_settings>
      <Module test_api_key.py>
        <Class TestAPIKeyServiceLifecycle>
          <Function test_create_key_returns_plaintext_once_and_stores_bcrypt_hash>
          <Function test_create_key_unknown_user_raises>
          <Function test_list_keys_excludes_hash_in_public_dict>
          <Function test_revoke_key_marks_revoked_and_then_fails_validation>
          <Function test_revoke_unknown_key_returns_false>
          <Function test_validate_key_prefix_lookup_wrong_key_fails>
          <Function test_validate_key_updates_last_used_at>
          <Function test_expired_key_fails_validation>
          <Function test_rate_limit_enforced_per_key>
          <Function test_authenticate_returns_token_data_with_scopes_and_api_key_source>
          <Function test_authenticate_unknown_key_returns_none>
        <Class TestAPIKeyEndpoints>
          <Coroutine test_create_list_revoke_endpoint_flow>
          <Coroutine test_create_endpoint_rejects_unknown_scope>
          <Coroutine test_scopes_endpoint_lists_catalog>
          <Coroutine test_revoke_missing_key_endpoint_returns_404>
          <Coroutine test_admin_list_endpoint_returns_keys_across_users>
          <Coroutine test_admin_endpoint_denied_for_non_admin>
          <Coroutine test_admin_revoke_endpoint>
        <Class TestTokenDataDefaults>
          <Function test_default_tokendata_has_no_scopes_and_session_auth_source>
          <Function test_positional_and_keyword_construction_still_works>
        <Class TestScopeEnforcement>
          <Function test_2_has_permission_admits_matching_scope_and_role>
          <Function test_3_has_permission_denies_when_scope_narrower_than_role>
          <Function test_4_has_permission_denies_when_role_lacks_permission_even_if_scope_grants_it>
          <Function test_5_super_admin_wildcard_narrowed_by_api_key_scopes_but_not_by_session>
          <Function test_6_session_tokendata_scope_check_behaves_unchanged>
          <Function test_7_require_role_enforces_admin_gating_scope_for_api_key>
          <Function test_8_empty_scopes_list_denies_every_permission>
      <Module test_api_key_auth.py>
        <Function test_hash_verify_generate_api_key_stores_sha256_keyhash>
        <Coroutine test_dependency_valid_key_returns_tenant_scoped_api_integration>
        <Coroutine test_dependency_wrong_key_401>
        <Coroutine test_dependency_revoked_key_401>
        <Coroutine test_dependency_no_credentials_401>
        <Coroutine test_dependency_jwt_path_delegates_to_verify_token>
        <Function test_dependency_api_integration_role_is_not_super>
        <Function test_webhook_route_list_is_tenant_scoped_for_api_integration>
        <Function test_webhook_route_create_accepts_api_key_identity>
        <Function test_webhook_route_delete_is_tenant_scoped>
        <Function test_webhook_route_deliveries_is_tenant_scoped>
        <Function test_webhook_route_update_still_requires_jwt_user>
      <Module test_attack_path.py>
        <Function test_attack_paths_prefers_real_correlation>
        <Function test_attack_paths_demo_fallback_when_empty>
        <Function test_edge_field_contract>
      <Module test_audit_export.py>
        <Function test_evidence_source_labelling>
        <Function test_build_report_data_accepts_tenant_id>
        <Function test_legacy_download_blocks_cross_tenant>
        <Function test_legacy_download_allows_owner>
        <Function test_pdf_header_fields>
        <Function test_xlsx_header_fields>
      <Module test_auditor_agent.py>
        <Class TestEvaluateControlAgent>
          <Coroutine test_happy_path_valid_finding_stays_pass>
          <Coroutine test_unresolvable_citation_downgrades_to_insufficient_evidence>
          <Coroutine test_unknown_control_id_rejected>
          <Coroutine test_fallback_provenance_pass_flags_needs_review>
          <Coroutine test_fallback_provenance_non_pass_does_not_need_review>
          <Coroutine test_input_guardrail_block_skips_agent_invocation>
          <Coroutine test_output_guardrail_block_downgrades_finding>
          <Coroutine test_control_id_pinned_from_caller_overrides_model_output>
          <Coroutine test_agent_invocation_error_returns_insufficient_evidence_not_raise>
        <Class TestAuditorServiceShim>
          <Coroutine test_happy_path_pass_finding_maps_to_verified_true>
          <Coroutine test_insufficient_evidence_finding_maps_to_verified_false>
          <Coroutine test_fallback_provenance_pass_flagged_needs_review_never_equals_primary_pass>
          <Coroutine test_exception_path_returns_verified_false_with_reasoning_no_raise>
          <Function test_get_auditor_returns_singleton>
      <Module test_auth_mfa.py>
        <Class TestPasswordComplexity>
          <Function test_too_short>
          <Function test_no_uppercase>
          <Function test_no_lowercase>
          <Function test_no_digit>
          <Function test_no_special>
          <Function test_valid>
          <Function test_valid_long>
        <Class TestLoginEndpoint>
          <Function test_login_success_returns_token>
          <Function test_login_wrong_password_returns_401>
          <Function test_login_unknown_user_returns_401>
          <Function test_login_missing_identifier_returns_401_or_422>
          <Function test_login_locked_account_returns_429>
          <Function test_login_expired_lock_allows_login>
          <Function test_login_mfa_required_returns_mfa_token>
          <Function test_login_mfa_session_db_failure_returns_503>
          <Function test_login_returns_user_without_sensitive_fields>
        <Class TestMFAVerifyLogin>
          <Function test_verify_mfa_login_success>
          <Function test_verify_mfa_login_wrong_code>
          <Function test_verify_mfa_login_wrong_code_records_login_failure>
          <Function test_verify_mfa_login_wrong_backup_code_records_login_failure>
          <Function test_verify_mfa_login_success_clears_login_failures>
          <Function test_verify_mfa_login_backup_code_success>
          <Function test_verify_mfa_login_invalid_session>
          <Function test_verify_mfa_user_not_found_returns_404>
          <Function test_mfa_status_returns_enabled_flag>
      <Module test_auth_refresh_race.py>
        <Function test_concurrent_refresh_yields_exactly_one_winner>
      <Module test_authentication.py>
        <Class TestTokenExpiryCap>
          <Function test_expiry_is_capped_at_120_minutes>
          <Function test_expiry_default_is_reasonable>
          <Function test_expiry_low_value_is_preserved>
        <Class TestCreateAccessToken>
          <Function test_token_contains_required_claims>
          <Function test_token_sub_matches_input>
          <Function test_jti_is_unique_across_tokens>
        <Class TestJwtAlgorithmSecurity>
          <Function test_none_algorithm_token_is_rejected>
          <Function test_verify_token_rejects_tampered_signature>
        <Class TestSecretKeyStrength>
          <Function test_secret_key_not_empty_in_test_env>
          <Function test_algorithm_is_hmac_based>
          <Function test_invalid_algorithm_raises_on_load>
        <Class TestRefreshToken>
          <Function test_refresh_token_has_type_claim>
          <Function test_refresh_token_expiry_is_7_days>
      <Module test_automation_and_baa.py>
        <Class TestAutomationPoliciesGet>
          <Function test_get_returns_list>
          <Function test_super_admin_passes_empty_filter>
        <Class TestAutomationPoliciesCreate>
          <Function test_create_success>
          <Function test_create_forbidden_for_viewer>
          <Function test_create_rejects_invalid_trigger>
          <Function test_create_rejects_invalid_action>
          <Function test_create_rejects_invalid_condition_operator>
        <Class TestAutomationPoliciesUpdate>
          <Function test_update_success>
          <Function test_update_forbidden_cross_tenant>
          <Function test_update_not_found>
          <Function test_super_admin_can_update_any_tenant>
        <Class TestBAACreate>
          <Function test_create_returns_draft_with_tenant>
          <Function test_create_starts_unsigned>
        <Class TestBAASign>
          <Function test_single_party_sign_does_not_activate>
          <Function test_both_parties_signed_activates>
        <Class TestBAATerminate>
          <Function test_terminate_sets_status>
          <Function test_terminate_respects_tenant_filter>
      <Module test_autonomous_remediation_loop.py>
        <Class TestFindingSources>
          <Coroutine test_malicious_scan_surfaces_as_nscan_finding>
          <Coroutine test_native_vuln_surfaces_as_vuln_finding>
          <Coroutine test_fim_drift_surfaces_as_fim_finding>
        <Class TestRemediateLoop>
          <Coroutine test_remediate_dispatches_steps_via_agent_instructions>
          <Coroutine test_verify_still_present_returns_failed>
          <Coroutine test_verify_timeout_returns_unverified_never_resolved>
          <Coroutine test_step_poll_timeout_returns_unverified>
          <Coroutine test_remediate_no_matching_playbook>
          <Coroutine test_remediate_dry_run_does_not_dispatch>
        <Class TestAppendOnlyAudit>
          <Coroutine test_write_audit_inserts_record>
          <Coroutine test_audit_service_exposes_no_update_or_delete>
          <Coroutine test_remediate_writes_audit_at_each_stage>
      <Module test_bulk_evidence_upload.py>
        <Function test_bulk_upload_valid>
        <Function test_bulk_manifest_invalid_json>
        <Function test_bulk_manifest_missing_fields>
        <Function test_bulk_not_a_zip>
        <Function test_bulk_extension_rejected>
        <Function test_bulk_file_too_large>
        <Function test_bulk_magic_mismatch>
        <Function test_bulk_missing_entry>
        <Function test_bulk_mixed_rejects_all>
        <Function test_bulk_zip_slip_guard>
        <Function test_bulk_zip_bomb_guard>
        <Function test_bulk_zip_bomb_total_bytes_accumulator>
        <Function test_bulk_db_rollback_on_partial_failure>
        <Function test_bulk_appears_in_control_evidence>
      <Module test_bundles_and_reports.py>
        <Class TestBundleEndpoints>
          <Function test_list_bundles_returns_200>
          <Function test_list_bundles_includes_ticketing_only>
          <Function test_get_bundle_detail>
          <Function test_get_unknown_bundle_returns_404>
          <Function test_catalog_returns_grouped_features>
          <Function test_get_tenant_features_not_found>
          <Function test_get_tenant_features_legacy_mode>
          <Function test_assign_bundles_valid>
          <Function test_assign_unknown_bundle_returns_400>
          <Function test_clear_tenant_bundles>
          <Function test_clear_nonexistent_tenant_returns_404>
        <Class TestTicketReportEndpoints>
          <Function test_summary_empty_db>
          <Function test_summary_with_data>
          <Function test_trends_default_days>
          <Function test_trends_weekly_period>
          <Function test_sla_report_empty>
          <Function test_resolution_empty>
          <Function test_ageing_empty>
          <Function test_ageing_buckets_shape>
          <Function test_assignee_empty>
          <Function test_csv_export_returns_csv>
        <Class TestFeatureBundles>
          <Function test_all_bundle_features_exist_in_catalog>
          <Function test_ticketing_only_contains_tickets>
          <Function test_full_platform_contains_all_features>
          <Function test_resolve_tenant_features_union>
          <Function test_resolve_tenant_features_custom>
          <Function test_resolve_tenant_features_blocked>
          <Function test_get_bundle_list_shape>
      <Module test_chat_agent.py>
        <Class TestChatAgent>
          <Coroutine test_happy_path_returns_answer_and_sources>
          <Coroutine test_cross_tenant_rag_chunk_never_cited_or_forwarded>
          <Coroutine test_thread_id_is_tenant_prefixed_and_distinct_per_tenant>
          <Coroutine test_input_guardrail_block_skips_agent_invocation>
          <Coroutine test_output_guardrail_block_returns_safe_message>
          <Coroutine test_agent_invocation_error_returns_error_answer_not_raise>
          <Coroutine test_astream_yields_chunks_then_sources>
        <Class TestAssistantServiceShim>
          <Coroutine test_shim_delegates_and_preserves_contract>
          <Coroutine test_shim_error_path_returns_answer_sources_never_raises>
          <Function test_shim_still_exposes_async_chat_with_default_history>
      <Module test_cloud_accounts.py>
        <Function test_register_aws_account>
        <Function test_register_gcp_account>
        <Function test_register_kubernetes_account>
        <Function test_register_digitalocean_account>
        <Function test_list_accounts>
        <Function test_scan_sets_status>
        <Function test_scan_nonexistent_account_returns_404>
        <Function test_get_results>
        <Function test_summary>
        <Function test_discover_org>
        <Function test_discover_org_requires_management_account_id>
        <Function test_insufficient_permission_rejected>
        <Function test_register_preserves_credentials_ref_when_omitted>
        <Function test_list_accounts_total_count_reflects_count_accounts>
        <Function test_register_preserves_account_name_region_environment_when_omitted>
        <Function test_summary_total_accounts_reflects_count_accounts_not_capped_list>
        <Function test_tenant_isolation>
      <Module test_cloud_checks_expansion.py>
        <Coroutine test_run_checks_evaluates_kubernetes>
        <Coroutine test_run_checks_evaluates_digitalocean>
        <Coroutine test_run_checks_evaluates_microsoft365>
        <Coroutine test_run_checks_evaluates_mongodb_atlas>
        <Coroutine test_simulated_flag_true_when_no_findings>
        <Coroutine test_simulated_flag_false_when_findings_present>
        <Coroutine test_no_regression_for_existing_providers>
        <Coroutine test_run_checks_evaluates_oci>
        <Coroutine test_run_checks_evaluates_alibaba>
        <Coroutine test_run_checks_evaluates_cloudflare>
        <Coroutine test_all_gates_accept_microsoft365_and_mongodb_atlas>
        <Coroutine test_registration_gates_accept_oci_alibaba_cloudflare_now_runnable>
        <Coroutine test_coverage_denominator_includes_new_providers>
      <Module test_cloud_findings_ingest.py>
        <Coroutine test_m365_poll_success>
        <Coroutine test_m365_poll_missing_config>
        <Coroutine test_m365_poll_raise_returns_0>
        <Coroutine test_atlas_poll_success>
        <Coroutine test_atlas_poll_missing_config>
        <Coroutine test_atlas_poll_raise_returns_0>
        <Coroutine test_oci_cspm_poll_success>
        <Coroutine test_oci_cspm_poll_missing_config>
        <Coroutine test_oci_cspm_poll_raise_returns_0>
        <Coroutine test_alibaba_cspm_poll_success>
        <Coroutine test_alibaba_cspm_poll_missing_config>
        <Coroutine test_alibaba_cspm_poll_raise_returns_0>
        <Function test_alibaba_cspm_uses_v2_sdk_not_acs_client>
        <Coroutine test_cloudflare_cspm_poll_success>
        <Coroutine test_cloudflare_cspm_poll_missing_config>
        <Coroutine test_cloudflare_cspm_poll_raise_returns_0>
        <Coroutine test_scan_account_m365_dispatch>
        <Coroutine test_scan_account_atlas_dispatch>
        <Coroutine test_scan_account_m365_simulated_false_end_to_end>
        <Coroutine test_scan_account_aws_no_ingest_unchanged>
        <Coroutine test_scan_account_oci_dispatch>
        <Coroutine test_scan_account_alibaba_dispatch>
        <Coroutine test_scan_account_cloudflare_dispatch>
        <Coroutine test_scan_account_oci_simulated_false_end_to_end>
      <Module test_cloud_integrations.py>
        <Class TestIngestModules>
          <Coroutine test_oci_poll_success>
          <Coroutine test_oci_poll_missing_fields>
          <Coroutine test_alibaba_poll_success>
          <Coroutine test_cloudflare_poll_success>
        <Class TestEndpoints>
          <Function test_secret_masking>
          <Function test_test_integration_endpoint>
      <Module test_compliance_narrative_service.py>
        <Class TestGenerateExecutiveSummary>
          <Function test_returns_str_on_success>
        <Class TestWordBudget>
          <Function test_trims_to_150_words>
        <Class TestFallbackOnError>
          <Function test_returns_fallback_on_error_prefix>
        <Class TestFallbackOnBlocked>
          <Function test_returns_fallback_on_blocked_prefix>
        <Class TestSanitise>
          <Function test_strips_unsafe_chars>
        <Class TestNarrativeOutput>
          <Function test_from_raw_raises_on_empty>
        <Class TestFrameworkNarrative>
          <Function test_framework_narrative_within_200_words>
        <Class TestBuildPdfIntegration>
          <Function test_narrative_not_in_metrics_table>
      <Module test_compliance_remediation_sla.py>
        <Class Test_compute_sla>
          <Function test_compute_sla_at_risk_within_window>
          <Function test_compute_sla_breached_past_due>
          <Function test_compute_sla_ok_well_before_window>
          <Function test_compute_sla_none_when_no_due_date>
          <Function test_compute_sla_unparseable_due_date_is_none>
          <Function test_compute_sla_resolved_task_is_ok_not_tracked>
          <Function test_compute_sla_escalation_level_tiers>
          <Function test_compute_sla_at_risk_window_tenant_doc_wins>
          <Function test_compute_sla_at_risk_window_global_fallback>
          <Function test_compute_sla_at_risk_window_hardcoded_default>
          <Function test_compute_sla_at_risk_window_clamps_to_minimum_one>
        <Class Test_run_sla_pass>
          <Function test_run_sla_pass_breached_task_creates_escalation_and_alerts>
          <Function test_run_sla_pass_skips_task_without_tenant_id>
        <Class Test_raw_db_registration>
          <Function test_raw_db_registration_scheduler_never_uses_get_database>
          <Function test_raw_db_registration_app_startup_uses_raw_mongodb_db>
        <Class Test_escalation_history>
          <Function test_escalation_history_route_is_get_only_no_mutation_verbs>
        <Class Test_tenant_scope>
          <Function test_tenant_scope_cross_tenant_escalations_excluded>
          <Function test_tenant_scope_read_query_and_with_tenant_id>
      <Module test_compliance_score.py>
        <Function test_score_endpoint_happy_path>
        <Function test_score_tenant_isolation>
        <Function test_score_cache_hit>
        <Function test_score_empty_tenant>
        <Function test_severity_weight_formula>
        <Function test_score_extremes>
        <Function test_per_framework_breakdown>
        <Function test_cache_invalidated_on_upload>
        <Function test_score_cache_key_namespace_no_cross_tenant_collision>
        <Function test_score_history_endpoint>
      <Module test_compliance_status.py>
        <Function test_patch_compliance_status_success>
        <Function test_patch_compliance_status_cross_tenant_403>
        <Function test_patch_compliance_status_invalid_status_422>
        <Function test_patch_compliance_status_notes_length_bound_422>
        <Function test_patch_compliance_status_read_only_role_403>
      <Module test_container_sbom_export.py>
        <Class TestCycloneDXSbomExport>
          <Function test_structure>
          <Function test_dedup_bomref_unique>
          <Function test_simulated_flag>
          <Function test_tenant_isolation>
      <Module test_control_comments.py>
        <Function test_non_author_role_forbidden>
        <Function test_post_and_list_comment>
        <Function test_tenant_isolation>
        <Function test_mention_triggers_notification>
        <Function test_mention_is_in_app_only>
      <Module test_core_endpoints.py>
        <Class TestAgentCoreEndpoints>
          <Function test_list_agents_returns_200>
          <Function test_search_agents_returns_200>
          <Function test_bulk_delete_no_ids_returns_error>
          <Function test_diagnostics_agent_not_found_returns_404>
        <Class TestPatchEndpoints>
          <Function test_list_patches_returns_200>
          <Function test_list_patches_no_tenant_returns_403>
          <Function test_deploy_patches_returns_job>
          <Function test_cve_lookup_not_found_returns_404>
          <Function test_get_deployment_jobs_returns_list>
        <Class TestVulnEndpoints>
          <Function test_list_vulnerabilities_returns_200>
          <Function test_vuln_stats_returns_200>
          <Function test_scan_vulnerabilities_returns_200>
          <Function test_apply_patch_invalid_id_returns_400>
          <Function test_resolve_vulnerability_returns_200>
        <Class TestPatchInstructionFixes>
          <Function test_deploy_instruction_has_tenant_id_and_correct_format>
          <Function test_apply_os_patches_instruction_has_tenant_id_and_correct_format>
          <Function test_apply_software_update_instruction_has_tenant_id>
          <Function test_list_patches_super_admin_no_tenant_returns_all>
      <Module test_dead_endpoints_closure.py>
        <Function test_analyze_bad_type_422>
        <Function test_analyze_not_found_404>
        <Function test_analyze_success_shape>
        <Function test_mcp_unknown_tool_404>
        <Function test_mcp_known_tool_dispatches>
        <Function test_mcp_bad_params_422>
        <Function test_budget_update_persists>
        <Function test_geo_sources_aggregates>
        <Function test_timeline_maps_events>
      <Module test_dpa_endpoints.py>
        <Class TestDPACreate>
          <Function test_create_starts_draft_unsigned>
          <Function test_create_forbidden_for_non_admin>
        <Class TestDPASign>
          <Function test_single_party_sign_does_not_activate>
          <Function test_both_parties_signed_activates>
        <Class TestDPATerminate>
          <Function test_terminate_sets_status>
          <Function test_terminate_respects_tenant_filter>
      <Module test_e2e_integration.py>
        <Function test_remediation_tenant_filter_accepts_token_data>
        <Function test_remediation_created_by_uses_username>
        <Function test_list_reports_filters_by_tenant>
        <Function test_process_evidence_has_fallback_tenant_param>
        <Function test_golden_path_evidence_to_remediation>
        <Function test_cross_tenant_report_download_blocked>
        <Function test_cross_tenant_report_download_owner_allowed>
        <Function test_cross_tenant_report_list_shows_own_only>
        <Function test_cross_tenant_task_list_blocked>
        <Function test_cross_tenant_evidence_upload_blocked>
        <Function test_process_automated_evidence_3arg_backward_compat>
        <Function test_report_instruction_result_still_calls_process_evidence>
      <Module test_eval_dataset.py>
        <Class TestDatasetSplits>
          <Function test_gold_controls_splits_count>
          <Function test_questionnaire_qa_splits_count>
          <Function test_chat_questions_splits_count>
          <Function test_adversarial_inputs_splits_count>
          <Function test_gold_controls_splits_trap_subset_labels>
          <Function test_gold_controls_splits_clean_pass_and_fail_present>
          <Function test_questionnaire_qa_splits_case_type_composition>
          <Function test_chat_questions_splits_includes_out_of_scope_and_refusal>
          <Function test_adversarial_inputs_splits_type_composition>
        <Class TestGoldControlConsistency>
          <Function test_splits_citation_ids_resolve_within_own_evidence>
          <Function test_splits_control_ids_non_empty>
          <Function test_splits_zero_evidence_traps_have_no_citations>
        <Class TestAdversarialCanaries>
          <Function test_splits_canaries_match_conftest_constants>
          <Function test_splits_leakage_probe_types_reference_a_canary>
        <Class TestDatasetLoader>
          <Function test_loader_exports_all_four_split_functions>
          <Function test_loader_raises_on_missing_fixture>
          <Function test_loader_raises_on_malformed_json>
          <Function test_loader_raises_on_empty_array>
          <Function test_loader_raises_on_missing_required_keys>
          <Function test_loader_raises_on_invalid_gold_status>
          <Function test_loader_raises_on_citation_not_in_own_evidence>
          <Function test_loader_raises_on_invalid_input_type>
          <Function test_loader_succeeds_on_real_fixtures>
      <Module test_evidence_lifecycle.py>
        <Function test_staleness_computation>
        <Function test_staleness_inside_window>
        <Function test_staleness_bad_input>
        <Function test_staleness_manual_excluded>
        <Function test_staleness_threshold_default>
        <Function test_coc_create_entry>
        <Function test_coc_never_raises>
        <Function test_coc_delete_entry>
        <Function test_get_staleness_threshold_default>
        <Function test_patch_staleness_threshold>
        <Function test_patch_staleness_requires_admin>
        <Function test_staleness_threshold_validation>
        <Function test_get_coc_log>
        <Function test_coc_tenant_isolation>
      <Module test_evidence_review.py>
        <Function test_submit_for_review_sets_status>
        <Function test_create_review_record>
        <Function test_approve_evidence_updates_status>
        <Function test_reject_requires_comment>
        <Function test_changes_requested_sets_needs_revision>
        <Function test_get_reviews_sorted_by_date>
        <Function test_get_pending_returns_only_pending_review>
        <Function test_tenant_isolation_get_excludes_cross_tenant_reviews>
        <Function test_tenant_isolation_patch_returns_404_for_cross_tenant_review>
        <Function test_evidence_id_mismatch_same_tenant_returns_404_without_mutation>
        <Function test_non_reviewer_role_forbidden_from_decision>
        <Function test_create_review_dedup_returns_existing_pending_via_atomic_upsert>
        <Function test_create_review_flags_already_open_by_different_reviewer>
        <Function test_repatch_already_decided_review_returns_404>
        <Function test_evidence_propagation_query_does_not_corrupt_unrelated_evidence_item>
        <Function test_update_review_decision_propagation_filter_uses_elem_match>
        <Function test_update_review_decision_rejects_empty_comment_at_service_layer>
        <Function test_update_review_decision_flags_evidence_updated_false_on_stale_review>
        <Function test_update_review_decision_flags_evidence_updated_true_on_success>
      <Module test_evidence_uploads.py>
        <Function test_upload_allowed_types>
        <Function test_upload_size_limit>
        <Function test_upload_record_schema>
        <Function test_magic_bytes_valid_pdf>
        <Function test_magic_bytes_mismatch>
        <Function test_delete_own_evidence>
        <Function test_delete_other_user_evidence>
        <Function test_admin_delete_any_evidence>
        <Function test_manual_artifact_extension_omitted_rejected>
        <Function test_manual_artifact_asset_ownership_requires_tenant>
        <Function test_delete_automated_evidence_blocked>
      <Module test_fim_events_rich.py>
        <Function test_rich_event_fields_persisted>
        <Function test_vt_enrichment_and_alert_use_hash_after>
        <Function test_legacy_shape_still_ingests>
        <Function test_tenant_scoped>
      <Module test_firmware_attestation.py>
        <Class TestChecks>
          <Function test_catalog_keys_unique_and_well_formed>
          <Function test_every_check_csf_is_real>
        <Class TestAssess>
          <Function test_all_secure_scores_100>
          <Function test_failed_check_reported_with_csf>
          <Function test_missing_key_is_unknown_not_assumed_secure>
          <Function test_score_excludes_unknowns>
          <Function test_empty_descriptor_scores_zero>
          <Function test_max_severity_rolls_up_highest>
      <Module test_framework_mappings.py>
        <Class TestNistCsf>
          <Function test_has_all_six_functions>
          <Function test_version_is_2_0>
          <Function test_category_name_lookup>
        <Class TestD3fend>
          <Function test_six_defensive_tactics>
          <Function test_tactic_lookup_for_technique>
        <Class TestCrosswalkIntegrity>
          <Function test_every_crosswalk_csf_id_is_real>
          <Function test_every_crosswalk_d3fend_technique_is_real>
        <Class TestMapTechnique>
          <Function test_known_technique_resolves_to_names>
          <Function test_case_insensitive_id>
          <Function test_unknown_technique_is_unmapped_not_error>
          <Function test_get_crosswalk_covers_all_entries>
      <Module test_frameworks_schema.py>
        <Class TestFrameworkModuleSchema>
          <Function test_required_metadata_present[nist_rmf]>
          <Function test_required_metadata_present[cis_controls]>
          <Function test_required_metadata_present[iso27001]>
          <Function test_required_metadata_present[hipaa]>
          <Function test_required_metadata_present[pci_dss]>
          <Function test_required_metadata_present[soc2]>
          <Function test_required_metadata_present[soc1]>
          <Function test_required_metadata_present[soc1_type1]>
          <Function test_required_metadata_present[soc2_type1]>
          <Function test_required_metadata_present[soc3]>
          <Function test_required_metadata_present[soc_cybersecurity]>
          <Function test_required_metadata_present[gdpr]>
          <Function test_required_metadata_present[fedramp]>
          <Function test_required_metadata_present[hitrust]>
          <Function test_required_metadata_present[cmmc]>
          <Function test_required_metadata_present[csa_star]>
          <Function test_required_metadata_present[iso42001]>
          <Function test_required_metadata_present[ccpa]>
          <Function test_required_metadata_present[cobit]>
          <Function test_required_metadata_present[dora]>
          <Function test_required_metadata_present[dpdp]>
          <Function test_required_metadata_present[iso9001]>
          <Function test_required_metadata_present[iso31000]>
          <Function test_required_metadata_present[nist_800_53]>
          <Function test_required_metadata_present[nist_800_171]>
          <Function test_required_metadata_present[sox_itgc]>
          <Function test_required_metadata_present[nis2]>
          <Function test_required_metadata_present[iso27701]>
          <Function test_required_metadata_present[swift_csp]>
          <Function test_required_metadata_present[nist_ai_rmf]>
          <Function test_required_metadata_present[eu_ai_act]>
          <Function test_required_metadata_present[fedramp_high]>
          <Function test_required_metadata_present[iso_27017]>
          <Function test_required_metadata_present[iso_27018]>
          <Function test_required_metadata_present[ens]>
          <Function test_required_metadata_present[mas_trm]>
          <Function test_required_metadata_present[irap]>
          <Function test_required_metadata_present[bsi_c5]>
          <Function test_required_metadata_present[ffiec]>
          <Function test_required_metadata_present[owasp_top10]>
          <Function test_required_metadata_present[tisax]>
          <Function test_required_metadata_present[aws_well_architected]>
          <Function test_required_metadata_present[rbi_csf]>
          <Function test_required_metadata_present[tic_3_0]>
          <Function test_required_metadata_present[kisa_isms]>
          <Function test_controls_is_a_list[nist_rmf]>
          <Function test_controls_is_a_list[cis_controls]>
          <Function test_controls_is_a_list[iso27001]>
          <Function test_controls_is_a_list[hipaa]>
          <Function test_controls_is_a_list[pci_dss]>
          <Function test_controls_is_a_list[soc2]>
          <Function test_controls_is_a_list[soc1]>
          <Function test_controls_is_a_list[soc1_type1]>
          <Function test_controls_is_a_list[soc2_type1]>
          <Function test_controls_is_a_list[soc3]>
          <Function test_controls_is_a_list[soc_cybersecurity]>
          <Function test_controls_is_a_list[gdpr]>
          <Function test_controls_is_a_list[fedramp]>
          <Function test_controls_is_a_list[hitrust]>
          <Function test_controls_is_a_list[cmmc]>
          <Function test_controls_is_a_list[csa_star]>
          <Function test_controls_is_a_list[iso42001]>
          <Function test_controls_is_a_list[ccpa]>
          <Function test_controls_is_a_list[cobit]>
          <Function test_controls_is_a_list[dora]>
          <Function test_controls_is_a_list[dpdp]>
          <Function test_controls_is_a_list[iso9001]>
          <Function test_controls_is_a_list[iso31000]>
          <Function test_controls_is_a_list[nist_800_53]>
          <Function test_controls_is_a_list[nist_800_171]>
          <Function test_controls_is_a_list[sox_itgc]>
          <Function test_controls_is_a_list[nis2]>
          <Function test_controls_is_a_list[iso27701]>
          <Function test_controls_is_a_list[swift_csp]>
          <Function test_controls_is_a_list[nist_ai_rmf]>
          <Function test_controls_is_a_list[eu_ai_act]>
          <Function test_controls_is_a_list[fedramp_high]>
          <Function test_controls_is_a_list[iso_27017]>
          <Function test_controls_is_a_list[iso_27018]>
          <Function test_controls_is_a_list[ens]>
          <Function test_controls_is_a_list[mas_trm]>
          <Function test_controls_is_a_list[irap]>
          <Function test_controls_is_a_list[bsi_c5]>
          <Function test_controls_is_a_list[ffiec]>
          <Function test_controls_is_a_list[owasp_top10]>
          <Function test_controls_is_a_list[tisax]>
          <Function test_controls_is_a_list[aws_well_architected]>
          <Function test_controls_is_a_list[rbi_csf]>
          <Function test_controls_is_a_list[tic_3_0]>
          <Function test_controls_is_a_list[kisa_isms]>
          <Function test_controls_shape_and_unique_ids_when_present[nist_rmf]>
          <Function test_controls_shape_and_unique_ids_when_present[cis_controls]>
          <Function test_controls_shape_and_unique_ids_when_present[iso27001]>
          <Function test_controls_shape_and_unique_ids_when_present[hipaa]>
          <Function test_controls_shape_and_unique_ids_when_present[pci_dss]>
          <Function test_controls_shape_and_unique_ids_when_present[soc2]>
          <Function test_controls_shape_and_unique_ids_when_present[soc1]>
          <Function test_controls_shape_and_unique_ids_when_present[soc1_type1]>
          <Function test_controls_shape_and_unique_ids_when_present[soc2_type1]>
          <Function test_controls_shape_and_unique_ids_when_present[soc3]>
          <Function test_controls_shape_and_unique_ids_when_present[soc_cybersecurity]>
          <Function test_controls_shape_and_unique_ids_when_present[gdpr]>
          <Function test_controls_shape_and_unique_ids_when_present[fedramp]>
          <Function test_controls_shape_and_unique_ids_when_present[hitrust]>
          <Function test_controls_shape_and_unique_ids_when_present[cmmc]>
          <Function test_controls_shape_and_unique_ids_when_present[csa_star]>
          <Function test_controls_shape_and_unique_ids_when_present[iso42001]>
          <Function test_controls_shape_and_unique_ids_when_present[ccpa]>
          <Function test_controls_shape_and_unique_ids_when_present[cobit]>
          <Function test_controls_shape_and_unique_ids_when_present[dora]>
          <Function test_controls_shape_and_unique_ids_when_present[dpdp]>
          <Function test_controls_shape_and_unique_ids_when_present[iso9001]>
          <Function test_controls_shape_and_unique_ids_when_present[iso31000]>
          <Function test_controls_shape_and_unique_ids_when_present[nist_800_53]>
          <Function test_controls_shape_and_unique_ids_when_present[nist_800_171]>
          <Function test_controls_shape_and_unique_ids_when_present[sox_itgc]>
          <Function test_controls_shape_and_unique_ids_when_present[nis2]>
          <Function test_controls_shape_and_unique_ids_when_present[iso27701]>
          <Function test_controls_shape_and_unique_ids_when_present[swift_csp]>
          <Function test_controls_shape_and_unique_ids_when_present[nist_ai_rmf]>
          <Function test_controls_shape_and_unique_ids_when_present[eu_ai_act]>
          <Function test_controls_shape_and_unique_ids_when_present[fedramp_high]>
          <Function test_controls_shape_and_unique_ids_when_present[iso_27017]>
          <Function test_controls_shape_and_unique_ids_when_present[iso_27018]>
          <Function test_controls_shape_and_unique_ids_when_present[ens]>
          <Function test_controls_shape_and_unique_ids_when_present[mas_trm]>
          <Function test_controls_shape_and_unique_ids_when_present[irap]>
          <Function test_controls_shape_and_unique_ids_when_present[bsi_c5]>
          <Function test_controls_shape_and_unique_ids_when_present[ffiec]>
          <Function test_controls_shape_and_unique_ids_when_present[owasp_top10]>
          <Function test_controls_shape_and_unique_ids_when_present[tisax]>
          <Function test_controls_shape_and_unique_ids_when_present[aws_well_architected]>
          <Function test_controls_shape_and_unique_ids_when_present[rbi_csf]>
          <Function test_controls_shape_and_unique_ids_when_present[tic_3_0]>
          <Function test_controls_shape_and_unique_ids_when_present[kisa_isms]>
          <Function test_evaluate_controls_is_defined_and_awaitable[nist_rmf]>
          <Function test_evaluate_controls_is_defined_and_awaitable[cis_controls]>
          <Function test_evaluate_controls_is_defined_and_awaitable[iso27001]>
          <Function test_evaluate_controls_is_defined_and_awaitable[hipaa]>
          <Function test_evaluate_controls_is_defined_and_awaitable[pci_dss]>
          <Function test_evaluate_controls_is_defined_and_awaitable[soc2]>
          <Function test_evaluate_controls_is_defined_and_awaitable[soc1]>
          <Function test_evaluate_controls_is_defined_and_awaitable[soc1_type1]>
          <Function test_evaluate_controls_is_defined_and_awaitable[soc2_type1]>
          <Function test_evaluate_controls_is_defined_and_awaitable[soc3]>
          <Function test_evaluate_controls_is_defined_and_awaitable[soc_cybersecurity]>
          <Function test_evaluate_controls_is_defined_and_awaitable[gdpr]>
          <Function test_evaluate_controls_is_defined_and_awaitable[fedramp]>
          <Function test_evaluate_controls_is_defined_and_awaitable[hitrust]>
          <Function test_evaluate_controls_is_defined_and_awaitable[cmmc]>
          <Function test_evaluate_controls_is_defined_and_awaitable[csa_star]>
          <Function test_evaluate_controls_is_defined_and_awaitable[iso42001]>
          <Function test_evaluate_controls_is_defined_and_awaitable[ccpa]>
          <Function test_evaluate_controls_is_defined_and_awaitable[cobit]>
          <Function test_evaluate_controls_is_defined_and_awaitable[dora]>
          <Function test_evaluate_controls_is_defined_and_awaitable[dpdp]>
          <Function test_evaluate_controls_is_defined_and_awaitable[iso9001]>
          <Function test_evaluate_controls_is_defined_and_awaitable[iso31000]>
          <Function test_evaluate_controls_is_defined_and_awaitable[nist_800_53]>
          <Function test_evaluate_controls_is_defined_and_awaitable[nist_800_171]>
          <Function test_evaluate_controls_is_defined_and_awaitable[sox_itgc]>
          <Function test_evaluate_controls_is_defined_and_awaitable[nis2]>
          <Function test_evaluate_controls_is_defined_and_awaitable[iso27701]>
          <Function test_evaluate_controls_is_defined_and_awaitable[swift_csp]>
          <Function test_evaluate_controls_is_defined_and_awaitable[nist_ai_rmf]>
          <Function test_evaluate_controls_is_defined_and_awaitable[eu_ai_act]>
          <Function test_evaluate_controls_is_defined_and_awaitable[fedramp_high]>
          <Function test_evaluate_controls_is_defined_and_awaitable[iso_27017]>
          <Function test_evaluate_controls_is_defined_and_awaitable[iso_27018]>
          <Function test_evaluate_controls_is_defined_and_awaitable[ens]>
          <Function test_evaluate_controls_is_defined_and_awaitable[mas_trm]>
          <Function test_evaluate_controls_is_defined_and_awaitable[irap]>
          <Function test_evaluate_controls_is_defined_and_awaitable[bsi_c5]>
          <Function test_evaluate_controls_is_defined_and_awaitable[ffiec]>
          <Function test_evaluate_controls_is_defined_and_awaitable[owasp_top10]>
          <Function test_evaluate_controls_is_defined_and_awaitable[tisax]>
          <Function test_evaluate_controls_is_defined_and_awaitable[aws_well_architected]>
          <Function test_evaluate_controls_is_defined_and_awaitable[rbi_csf]>
          <Function test_evaluate_controls_is_defined_and_awaitable[tic_3_0]>
          <Function test_evaluate_controls_is_defined_and_awaitable[kisa_isms]>
          <Function test_evaluate_controls_returns_one_result_per_control[nist_rmf]>
          <Function test_evaluate_controls_returns_one_result_per_control[cis_controls]>
          <Function test_evaluate_controls_returns_one_result_per_control[iso27001]>
          <Function test_evaluate_controls_returns_one_result_per_control[hipaa]>
          <Function test_evaluate_controls_returns_one_result_per_control[pci_dss]>
          <Function test_evaluate_controls_returns_one_result_per_control[soc2]>
          <Function test_evaluate_controls_returns_one_result_per_control[soc1]>
          <Function test_evaluate_controls_returns_one_result_per_control[soc1_type1]>
          <Function test_evaluate_controls_returns_one_result_per_control[soc2_type1]>
          <Function test_evaluate_controls_returns_one_result_per_control[soc3]>
          <Function test_evaluate_controls_returns_one_result_per_control[soc_cybersecurity]>
          <Function test_evaluate_controls_returns_one_result_per_control[gdpr]>
          <Function test_evaluate_controls_returns_one_result_per_control[fedramp]>
          <Function test_evaluate_controls_returns_one_result_per_control[hitrust]>
          <Function test_evaluate_controls_returns_one_result_per_control[cmmc]>
          <Function test_evaluate_controls_returns_one_result_per_control[csa_star]>
          <Function test_evaluate_controls_returns_one_result_per_control[iso42001]>
          <Function test_evaluate_controls_returns_one_result_per_control[ccpa]>
          <Function test_evaluate_controls_returns_one_result_per_control[cobit]>
          <Function test_evaluate_controls_returns_one_result_per_control[dora]>
          <Function test_evaluate_controls_returns_one_result_per_control[dpdp]>
          <Function test_evaluate_controls_returns_one_result_per_control[iso9001]>
          <Function test_evaluate_controls_returns_one_result_per_control[iso31000]>
          <Function test_evaluate_controls_returns_one_result_per_control[nist_800_53]>
          <Function test_evaluate_controls_returns_one_result_per_control[nist_800_171]>
          <Function test_evaluate_controls_returns_one_result_per_control[sox_itgc]>
          <Function test_evaluate_controls_returns_one_result_per_control[nis2]>
          <Function test_evaluate_controls_returns_one_result_per_control[iso27701]>
          <Function test_evaluate_controls_returns_one_result_per_control[swift_csp]>
          <Function test_evaluate_controls_returns_one_result_per_control[nist_ai_rmf]>
          <Function test_evaluate_controls_returns_one_result_per_control[eu_ai_act]>
          <Function test_evaluate_controls_returns_one_result_per_control[fedramp_high]>
          <Function test_evaluate_controls_returns_one_result_per_control[iso_27017]>
          <Function test_evaluate_controls_returns_one_result_per_control[iso_27018]>
          <Function test_evaluate_controls_returns_one_result_per_control[ens]>
          <Function test_evaluate_controls_returns_one_result_per_control[mas_trm]>
          <Function test_evaluate_controls_returns_one_result_per_control[irap]>
          <Function test_evaluate_controls_returns_one_result_per_control[bsi_c5]>
          <Function test_evaluate_controls_returns_one_result_per_control[ffiec]>
          <Function test_evaluate_controls_returns_one_result_per_control[owasp_top10]>
          <Function test_evaluate_controls_returns_one_result_per_control[tisax]>
          <Function test_evaluate_controls_returns_one_result_per_control[aws_well_architected]>
          <Function test_evaluate_controls_returns_one_result_per_control[rbi_csf]>
          <Function test_evaluate_controls_returns_one_result_per_control[tic_3_0]>
          <Function test_evaluate_controls_returns_one_result_per_control[kisa_isms]>
        <Function test_phase19_frameworks_have_static_controls[ens]>
        <Function test_phase19_frameworks_have_static_controls[mas_trm]>
        <Function test_phase19_frameworks_have_static_controls[irap]>
        <Function test_phase19_frameworks_have_static_controls[iso_27017]>
        <Function test_phase19_frameworks_have_static_controls[iso_27018]>
        <Function test_phase19_frameworks_have_static_controls[bsi_c5]>
        <Function test_phase19_frameworks_have_static_controls[ffiec]>
        <Function test_phase19_frameworks_have_static_controls[owasp_top10]>
        <Function test_phase19_frameworks_have_static_controls[tisax]>
        <Function test_phase19_frameworks_have_static_controls[aws_well_architected]>
        <Function test_phase19_frameworks_have_static_controls[rbi_csf]>
        <Function test_phase19_frameworks_have_static_controls[tic_3_0]>
        <Function test_phase19_frameworks_have_static_controls[kisa_isms]>
        <Function test_phase19_frameworks_have_static_controls[fedramp_high]>
        <Function test_phase19_frameworks_registered_in_endpoint_registry[ens]>
        <Function test_phase19_frameworks_registered_in_endpoint_registry[mas_trm]>
        <Function test_phase19_frameworks_registered_in_endpoint_registry[irap]>
        <Function test_phase19_frameworks_registered_in_endpoint_registry[iso_27017]>
        <Function test_phase19_frameworks_registered_in_endpoint_registry[iso_27018]>
        <Function test_phase19_frameworks_registered_in_endpoint_registry[bsi_c5]>
        <Function test_phase19_frameworks_registered_in_endpoint_registry[ffiec]>
        <Function test_phase19_frameworks_registered_in_endpoint_registry[owasp_top10]>
        <Function test_phase19_frameworks_registered_in_endpoint_registry[tisax]>
        <Function test_phase19_frameworks_registered_in_endpoint_registry[aws_well_architected]>
        <Function test_phase19_frameworks_registered_in_endpoint_registry[rbi_csf]>
        <Function test_phase19_frameworks_registered_in_endpoint_registry[tic_3_0]>
        <Function test_phase19_frameworks_registered_in_endpoint_registry[kisa_isms]>
        <Function test_phase19_frameworks_registered_in_endpoint_registry[fedramp_high]>
      <Module test_geo_security_endpoints.py>
        <Class TestAdminGate>
          <Function test_admin_gate_non_admin_patch_forbidden>
        <Class TestGetReturnsDefaults>
          <Function test_get_returns_hardcoded_defaults_when_no_doc_stored>
        <Class TestPatchPersists>
          <Function test_patch_persists_tenant_scoped_system_settings_doc>
        <Class TestValidationRejectsBadCountry>
          <Function test_patch_rejects_three_letter_country_code>
        <Class TestValidationNormalizesCase>
          <Function test_patch_normalizes_lowercase_codes_to_uppercase>
      <Module test_geo_security_service.py>
        <Class TestImpossibleTravel>
          <Function test_impossible_travel_positive>
          <Function test_impossible_travel_below_speed>
        <Class TestVpnSuppression>
          <Function test_vpn_suppression_prev_vpn_true>
          <Function test_vpn_suppression_curr_vpn_true>
          <Function test_vpn_none_handling_does_not_suppress>
          <Function test_vpn_none_handling_explicit_false_does_not_suppress>
        <Class TestFirstCheckin>
          <Function test_first_checkin_no_prior_geo>
          <Function test_first_checkin_missing_latitude>
        <Class TestElapsedFloor>
          <Function test_elapsed_floor_below_15_minutes_suppresses>
          <Function test_elapsed_floor_at_20_minutes_still_fires>
          <Function test_clock_skew_negative_elapsed_suppresses>
          <Function test_clock_skew_zero_elapsed_suppresses>
        <Class TestGeoFence>
          <Function test_geo_fence_violation_country_not_in_allowlist>
[...]
          <Function test_priority_defaults_to_medium>
        <Class TestGetTicket>
          <Function test_missing_ticket_returns_404>
          <Function test_found_ticket_returns_200>
        <Class TestTicketHistory>
          <Function test_missing_ticket_returns_404_not_empty_list>
          <Function test_existing_ticket_with_history_returns_list>
          <Function test_existing_ticket_with_no_history_returns_empty_list>
        <Class TestComputeSla>
          <Function test_no_due_date_gives_none_status>
          <Function test_past_due_date_gives_breached>
          <Function test_future_due_date_gives_ok>
          <Function test_resolved_ticket_is_always_met>
          <Function test_closed_ticket_is_always_met>
          <Function test_malformed_due_date_returns_none_not_crash>
          <Function test_datetime_object_due_date_is_handled>
      <Module test_trust_center.py>
        <Class TestTrustPersistence>
          <Coroutine test_profile_persists_across_fresh_db_handle>
        <Class TestTrustTenantIsolation>
          <Coroutine test_profile_query_is_tenant_scoped_not_exempt>
        <Class TestTrustAdminAuth>
          <Function test_admin_auth_requires_admin_role_for_profile_update>
          <Function test_admin_auth_allows_admin_role_for_profile_update>
          <Function test_admin_auth_rejects_unauthenticated_profile_update>
        <Class TestTrustAdminSettings>
          <Function test_put_trust_domain_persists_to_tenants_and_get_returns_it>
        <Class TestPublicTrustGet>
          <Function test_public_get_no_auth_header_returns_200_for_known_slug>
          <Function test_public_get_unknown_slug_returns_clean_404>
        <Class TestPublicDocFilter>
          <Function test_private_doc_filter_no_url_key>
        <Class TestCustomDomainResolution>
          <Function test_custom_domain_matching_host_resolves_tenant_over_mismatched_slug>
          <Function test_custom_domain_unrecognized_host_falls_back_to_slug_lookup>
        <Class TestPublicAccessRequestPost>
          <Function test_public_post_valid_consent_inserts_pending_request>
          <Function test_public_post_missing_consent_returns_400_and_inserts_nothing>
          <Function test_public_post_consent_absent_defaults_false_returns_400>
          <Function test_public_post_forged_metadata_ignored_server_values_win>
        <Class TestPublicRateLimit>
          <Function test_rate_limit_get_returns_429_after_window>
          <Function test_rate_limit_post_returns_429_sooner_than_get>
      <Module test_ueba_remediation_trigger.py>
        <Class TestDispatchEligibility>
          <Function test_shadow_ai_with_agent_and_tenant_is_eligible>
          <Function test_missing_agent_id_not_eligible>
          <Function test_missing_tenant_not_eligible>
          <Function test_non_shadow_ai_rule_not_eligible>
        <Class TestReportShadowAiCallSite>
          <Coroutine test_report_shadow_ai_schedules_containment_fire_and_forget>
          <Coroutine test_report_shadow_ai_no_tenant_resolved_skips_dispatch>
        <Class TestDispatchAnomalyRemediation>
          <Coroutine test_dedup_checked_before_remediate>
          <Coroutine test_duplicate_skips_remediate>
          <Coroutine test_builds_anomaly_finding_and_calls_remediate_once>
        <Class TestAutoBanUntouched>
          <Function test_auto_ban_block_still_present_and_unmodified>
        <Class TestNoApprovalGateBypass>
          <Coroutine test_max_risk_score_anomaly_still_pends_approval>
      <Module test_user_crud.py>
        <Class TestCreateUser>
          <Coroutine test_create_user_with_itam_fields>
          <Coroutine test_create_user_invalid_role_rejected>
          <Coroutine test_create_user_title_case_admin_role_accepted>
          <Coroutine test_non_super_admin_cannot_assign_super_admin_role>
          <Coroutine test_super_admin_can_assign_super_admin_role>
          <Coroutine test_create_user_nonexistent_tenant_rejected>
          <Coroutine test_non_admin_cannot_create_user>
          <Coroutine test_create_user_weak_password_rejected>
        <Class TestUserProfile>
          <Coroutine test_get_my_profile_does_not_require_admin>
        <Class TestTenantIsolation>
          <Coroutine test_tenant_admin_only_sees_own_tenant_users>
          <Coroutine test_list_users_requires_admin_gate>
        <Class TestUpdateUser>
          <Coroutine test_update_user_role_and_status>
          <Coroutine test_update_user_blocks_password_change_for_ldap_sourced_user>
          <Coroutine test_update_user_cross_tenant_forbidden>
          <Coroutine test_update_user_invalid_role_rejected>
          <Coroutine test_non_super_admin_cannot_move_user_between_tenants>
        <Class TestDeleteUser>
          <Coroutine test_delete_user_cross_tenant_forbidden>
          <Coroutine test_cannot_delete_own_account>
          <Coroutine test_delete_user_succeeds_for_own_tenant_admin>
        <Coroutine test_user_list_pagination>
        <Class TestListUsersFilteringAndSearch>
          <Coroutine test_list_users_returns_bare_array_when_unpaginated>
          <Coroutine test_list_users_filter_by_role>
          <Coroutine test_list_users_filter_by_status>
          <Coroutine test_list_users_search_by_email_or_name>
          <Coroutine test_list_users_tenant_filter_super_admin_only>
          <Coroutine test_list_users_non_super_admin_tenant_param_ignored>
      <Module test_vendor_subprocessors.py>
        <Class TestAddSubprocessor>
          <Function test_add_subprocessor_success>
        <Class TestRemoveSubprocessor>
          <Function test_remove_subprocessor_success>
        <Class TestSubprocessorRBAC>
          <Function test_add_subprocessor_forbidden>
      <Module test_virustotal_client.py>
        <Class TestScanMethodsContract>
          <Function test_scan_domain_full_contract>
          <Function test_scan_url_base64url_encodes_and_returns_contract>
          <Function test_scan_file_hash_full_contract>
          <Function test_scan_file_hash_error_on_404>
        <Class TestGracefulDegrade>
          <Function test_all_methods_return_error_when_key_unset>
          <Function test_get_virustotal_client_never_raises_without_key>
        <Class TestEnrichFileHashes>
          <Function test_enrich_empty_input_returns_empty_dict>
          <Function test_enrich_keys_lowercased_and_omits_errors>
          <Function test_enrich_all_errored_returns_empty_when_key_unset>
        <Class TestScanEndpointRoundTrip>
          <Function test_scan_success_returns_200>
          <Function test_scan_error_returns_500>
      <Module test_webhook_signing.py>
        <Coroutine test_signature_covers_exact_wire_bytes>
        <Coroutine test_signature_absent_when_hook_has_no_secret>
      <Module test_webrtc_signaling.py>
        <Function test_offer_relayed_to_same_tenant_target>
        <Function test_cross_tenant_signal_is_dropped>
        <Function test_offline_target_notifies_caller_unavailable>
        <Function test_end_signal_to_offline_target_is_silent>
        <Function test_unknown_sender_sid_is_ignored>
        <Function test_missing_target_is_ignored>
      <Dir unit>
        <Module test_vault_client.py>
          <Function test_vault_client_connect_success>
          <Function test_vault_client_connect_failure>
          <Function test_read_secret_success>
          <Function test_read_secret_not_found>
          <Function test_write_secret_success>

==================================== ERRORS ====================================
______ ERROR collecting agent/capabilities/test_linux_compliance_mock.py _______
ImportError while importing test module '/home/user/enterprise-omni-agent-ai-platform/agent/capabilities/test_linux_compliance_mock.py'.
Hint: make sure your test modules/packages have valid Python names.
Traceback:
/usr/lib/python3.12/importlib/__init__.py:90: in import_module
    return _bootstrap._gcd_import(name[level:], package, level)
           ^^^^^^^^^^^^^^^^^^^^^^^^^^^^^^^^^^^^^^^^^^^^^^^^^^^^
agent/capabilities/test_linux_compliance_mock.py:10: in <module>
    from agent.capabilities.compliance import ComplianceEnforcementCapability
E   ModuleNotFoundError: No module named 'agent.capabilities'; 'agent' is not a package
___________________ ERROR collecting agent/test_summary.txt ____________________
/usr/lib/python3.12/pathlib.py:1030: in read_text
    return f.read()
           ^^^^^^^^
<frozen codecs>:322: in decode
    ???
E   UnicodeDecodeError: 'utf-8' codec can't decode byte 0xff in position 0: invalid start byte
______________ ERROR collecting backend/test_ai_service_config.py ______________
ImportError while importing test module '/home/user/enterprise-omni-agent-ai-platform/backend/test_ai_service_config.py'.
Hint: make sure your test modules/packages have valid Python names.
Traceback:
/usr/lib/python3.12/importlib/__init__.py:90: in import_module
    return _bootstrap._gcd_import(name[level:], package, level)
           ^^^^^^^^^^^^^^^^^^^^^^^^^^^^^^^^^^^^^^^^^^^^^^^^^^^^
backend/test_ai_service_config.py:2: in <module>
    from database import _init_db
E   ImportError: cannot import name '_init_db' from 'database' (/home/user/enterprise-omni-agent-ai-platform/backend/tests/../database.py)
______________ ERROR collecting backend/test_network_endpoint.py _______________
/usr/lib/python3.12/urllib/request.py:1344: in do_open
    h.request(req.get_method(), req.selector, req.data, headers,
/usr/lib/python3.12/http/client.py:1365: in request
    self._send_request(method, url, body, headers, encode_chunked)
/usr/lib/python3.12/http/client.py:1411: in _send_request
    self.endheaders(body, encode_chunked=encode_chunked)
/usr/lib/python3.12/http/client.py:1360: in endheaders
    self._send_output(message_body, encode_chunked=encode_chunked)
/usr/lib/python3.12/http/client.py:1120: in _send_output
    self.send(msg)
/usr/lib/python3.12/http/client.py:1064: in send
    self.connect()
/usr/lib/python3.12/http/client.py:1030: in connect
    self.sock = self._create_connection(
/usr/lib/python3.12/socket.py:852: in create_connection
    raise exceptions[0]
/usr/lib/python3.12/socket.py:837: in create_connection
    sock.connect(sa)
E   ConnectionRefusedError: [Errno 111] Connection refused

During handling of the above exception, another exception occurred:
backend/test_network_endpoint.py:20: in <module>
    test_endpoint()
backend/test_network_endpoint.py:9: in test_endpoint
    res = urllib.request.urlopen(req)
          ^^^^^^^^^^^^^^^^^^^^^^^^^^^
/usr/lib/python3.12/urllib/request.py:215: in urlopen
    return opener.open(url, data, timeout)
           ^^^^^^^^^^^^^^^^^^^^^^^^^^^^^^^
/usr/lib/python3.12/urllib/request.py:515: in open
    response = self._open(req, data)
               ^^^^^^^^^^^^^^^^^^^^^
/usr/lib/python3.12/urllib/request.py:532: in _open
    result = self._call_chain(self.handle_open, protocol, protocol +
/usr/lib/python3.12/urllib/request.py:492: in _call_chain
    result = func(*args)
             ^^^^^^^^^^^
/usr/lib/python3.12/urllib/request.py:1373: in http_open
    return self.do_open(http.client.HTTPConnection, req)
           ^^^^^^^^^^^^^^^^^^^^^^^^^^^^^^^^^^^^^^^^^^^^^
/usr/lib/python3.12/urllib/request.py:1347: in do_open
    raise URLError(err)
E   urllib.error.URLError: <urlopen error [Errno 111] Connection refused>
__________________ ERROR collecting backend/test_sbom_api.py ___________________
backend/venv/lib/python3.12/site-packages/httpx/_transports/default.py:101: in map_httpcore_exceptions
    yield
backend/venv/lib/python3.12/site-packages/httpx/_transports/default.py:394: in handle_async_request
    resp = await self._pool.handle_async_request(req)
           ^^^^^^^^^^^^^^^^^^^^^^^^^^^^^^^^^^^^^^^^^^
backend/venv/lib/python3.12/site-packages/httpcore/_async/connection_pool.py:256: in handle_async_request
    raise exc from None
backend/venv/lib/python3.12/site-packages/httpcore/_async/connection_pool.py:236: in handle_async_request
    response = await connection.handle_async_request(
backend/venv/lib/python3.12/site-packages/httpcore/_async/connection.py:101: in handle_async_request
    raise exc
backend/venv/lib/python3.12/site-packages/httpcore/_async/connection.py:78: in handle_async_request
    stream = await self._connect(request)
             ^^^^^^^^^^^^^^^^^^^^^^^^^^^^
backend/venv/lib/python3.12/site-packages/httpcore/_async/connection.py:124: in _connect
    stream = await self._network_backend.connect_tcp(**kwargs)
             ^^^^^^^^^^^^^^^^^^^^^^^^^^^^^^^^^^^^^^^^^^^^^^^^^
backend/venv/lib/python3.12/site-packages/httpcore/_backends/auto.py:31: in connect_tcp
    return await self._backend.connect_tcp(
backend/venv/lib/python3.12/site-packages/httpcore/_backends/anyio.py:113: in connect_tcp
    with map_exceptions(exc_map):
/usr/lib/python3.12/contextlib.py:158: in __exit__
    self.gen.throw(value)
backend/venv/lib/python3.12/site-packages/httpcore/_exceptions.py:14: in map_exceptions
    raise to_exc(exc) from exc
E   httpcore.ConnectError: All connection attempts failed

The above exception was the direct cause of the following exception:
backend/test_sbom_api.py:31: in <module>
    asyncio.run(test_sbom())
/usr/lib/python3.12/asyncio/runners.py:194: in run
    return runner.run(main)
           ^^^^^^^^^^^^^^^^
/usr/lib/python3.12/asyncio/runners.py:118: in run
    return self._loop.run_until_complete(task)
           ^^^^^^^^^^^^^^^^^^^^^^^^^^^^^^^^^^^
/usr/lib/python3.12/asyncio/base_events.py:687: in run_until_complete
    return future.result()
           ^^^^^^^^^^^^^^^
backend/test_sbom_api.py:20: in test_sbom
    resp = await client.get("http://127.0.0.1:3000/api/sboms", headers=headers)
           ^^^^^^^^^^^^^^^^^^^^^^^^^^^^^^^^^^^^^^^^^^^^^^^^^^^^^^^^^^^^^^^^^^^^
backend/venv/lib/python3.12/site-packages/httpx/_client.py:1768: in get
    return await self.request(
backend/venv/lib/python3.12/site-packages/httpx/_client.py:1540: in request
    return await self.send(request, auth=auth, follow_redirects=follow_redirects)
           ^^^^^^^^^^^^^^^^^^^^^^^^^^^^^^^^^^^^^^^^^^^^^^^^^^^^^^^^^^^^^^^^^^^^^^
backend/venv/lib/python3.12/site-packages/httpx/_client.py:1629: in send
    response = await self._send_handling_auth(
backend/venv/lib/python3.12/site-packages/httpx/_client.py:1657: in _send_handling_auth
    response = await self._send_handling_redirects(
backend/venv/lib/python3.12/site-packages/httpx/_client.py:1694: in _send_handling_redirects
    response = await self._send_single_request(request)
               ^^^^^^^^^^^^^^^^^^^^^^^^^^^^^^^^^^^^^^^^
backend/venv/lib/python3.12/site-packages/httpx/_client.py:1730: in _send_single_request
    response = await transport.handle_async_request(request)
               ^^^^^^^^^^^^^^^^^^^^^^^^^^^^^^^^^^^^^^^^^^^^^
backend/venv/lib/python3.12/site-packages/httpx/_transports/default.py:393: in handle_async_request
    with map_httpcore_exceptions():
/usr/lib/python3.12/contextlib.py:158: in __exit__
    self.gen.throw(value)
backend/venv/lib/python3.12/site-packages/httpx/_transports/default.py:118: in map_httpcore_exceptions
    raise mapped_exc(message) from exc
E   httpx.ConnectError: All connection attempts failed
______________ ERROR collecting backend/tests/test_mcp_server.py _______________
ImportError while importing test module '/home/user/enterprise-omni-agent-ai-platform/backend/tests/test_mcp_server.py'.
Hint: make sure your test modules/packages have valid Python names.
Traceback:
/usr/lib/python3.12/importlib/__init__.py:90: in import_module
    return _bootstrap._gcd_import(name[level:], package, level)
           ^^^^^^^^^^^^^^^^^^^^^^^^^^^^^^^^^^^^^^^^^^^^^^^^^^^^
backend/tests/test_mcp_server.py:20: in <module>
    import mcp_server as srv
backend/mcp_server.py:9: in <module>
    from mcp.server.fastmcp import FastMCP
E   ModuleNotFoundError: No module named 'mcp.server.fastmcp'
___________ ERROR collecting servers/src/fetch/tests/test_server.py ____________
ImportError while importing test module '/home/user/enterprise-omni-agent-ai-platform/servers/src/fetch/tests/test_server.py'.
Hint: make sure your test modules/packages have valid Python names.
Traceback:
/usr/lib/python3.12/importlib/__init__.py:90: in import_module
    return _bootstrap._gcd_import(name[level:], package, level)
           ^^^^^^^^^^^^^^^^^^^^^^^^^^^^^^^^^^^^^^^^^^^^^^^^^^^^
E   ModuleNotFoundError: No module named 'tests.test_server'
____________ ERROR collecting servers/src/git/tests/test_server.py _____________
ImportError while importing test module '/home/user/enterprise-omni-agent-ai-platform/servers/src/git/tests/test_server.py'.
Hint: make sure your test modules/packages have valid Python names.
Traceback:
/usr/lib/python3.12/importlib/__init__.py:90: in import_module
    return _bootstrap._gcd_import(name[level:], package, level)
           ^^^^^^^^^^^^^^^^^^^^^^^^^^^^^^^^^^^^^^^^^^^^^^^^^^^^
servers/src/git/tests/test_server.py:3: in <module>
    import git
E   ModuleNotFoundError: No module named 'git'
________________ ERROR collecting tests/test_ai_remediation.py _________________
ImportError while importing test module '/home/user/enterprise-omni-agent-ai-platform/tests/test_ai_remediation.py'.
Hint: make sure your test modules/packages have valid Python names.
Traceback:
/usr/lib/python3.12/importlib/__init__.py:90: in import_module
    return _bootstrap._gcd_import(name[level:], package, level)
           ^^^^^^^^^^^^^^^^^^^^^^^^^^^^^^^^^^^^^^^^^^^^^^^^^^^^
tests/test_ai_remediation.py:9: in <module>
    from agent.autonomous_actions.remediation import AutonomousRemediationEngine
E   ModuleNotFoundError: No module named 'agent.autonomous_actions'; 'agent' is not a package
_______________ ERROR collecting tests/test_network_discovery.py _______________
ImportError while importing test module '/home/user/enterprise-omni-agent-ai-platform/tests/test_network_discovery.py'.
Hint: make sure your test modules/packages have valid Python names.
Traceback:
/usr/lib/python3.12/importlib/__init__.py:90: in import_module
    return _bootstrap._gcd_import(name[level:], package, level)
           ^^^^^^^^^^^^^^^^^^^^^^^^^^^^^^^^^^^^^^^^^^^^^^^^^^^^
tests/test_network_discovery.py:9: in <module>
    from agent.capabilities.network_discovery import NetworkDiscoveryCapability
E   ModuleNotFoundError: No module named 'agent.capabilities'; 'agent' is not a package
________________ ERROR collecting tests/test_program_control.py ________________
ImportError while importing test module '/home/user/enterprise-omni-agent-ai-platform/tests/test_program_control.py'.
Hint: make sure your test modules/packages have valid Python names.
Traceback:
/usr/lib/python3.12/importlib/__init__.py:90: in import_module
    return _bootstrap._gcd_import(name[level:], package, level)
           ^^^^^^^^^^^^^^^^^^^^^^^^^^^^^^^^^^^^^^^^^^^^^^^^^^^^
tests/test_program_control.py:2: in <module>
    from backend.program_service import create_program, get_program_status
E   ImportError: cannot import name 'get_program_status' from 'backend.program_service' (/home/user/enterprise-omni-agent-ai-platform/backend/program_service.py)
=========================== short test summary info ============================
ERROR agent/capabilities/test_linux_compliance_mock.py
ERROR agent/test_summary.txt - UnicodeDecodeError: 'utf-8' codec can't decode...
ERROR backend/test_ai_service_config.py
ERROR backend/test_network_endpoint.py - urllib.error.URLError: <urlopen erro...
ERROR backend/test_sbom_api.py - httpx.ConnectError: All connection attempts ...
ERROR backend/tests/test_mcp_server.py
ERROR servers/src/fetch/tests/test_server.py
ERROR servers/src/git/tests/test_server.py
ERROR tests/test_ai_remediation.py
ERROR tests/test_network_discovery.py
ERROR tests/test_program_control.py
!!!!!!!!!!!!!!!!!!! Interrupted: 11 errors during collection !!!!!!!!!!!!!!!!!!!
================== 2462 tests collected, 11 errors in 41.85s ===================
